<?xml version="1.0" encoding="UTF-8"?>
<testng-results ignored="0" total="2" passed="2" failed="0" skipped="0">
  <reporter-output>
    <line>
      <![CDATA[Setting up reports and Test is getting started ]]>
    </line>
    <line>
      <![CDATA[Setting done - execution of TC can be started.]]>
    </line>
    <line>
      <![CDATA[Trying to start Browser ]]>
    </line>
    <line>
      <![CDATA[Browser Application is Up and Running ]]>
    </line>
  </reporter-output>
  <suite started-at="2024-04-08T17:13:17 IST" name="Default suite" finished-at="2024-04-08T17:13:29 IST" duration-ms="12677">
    <groups>
    </groups>
    <test started-at="2024-04-08T17:13:17 IST" name="Default test" finished-at="2024-04-08T17:13:29 IST" duration-ms="12677">
      <class name="com.TestCases.LoginTest">
        <test-method is-config="true" signature="setUpExcelData()[pri:0, instance:com.TestCases.LoginTest@75d3a5e0]" started-at="2024-04-08T17:13:15 IST" name="setUpExcelData" finished-at="2024-04-08T17:13:17 IST" duration-ms="1666" status="PASS">
          <reporter-output>
            <line>
              <![CDATA[Setting up reports and Test is getting started ]]>
            </line>
            <line>
              <![CDATA[Setting done - execution of TC can be started.]]>
            </line>
          </reporter-output>
        </test-method> <!-- setUpExcelData -->
        <test-method is-config="true" signature="SetUp()[pri:0, instance:com.TestCases.LoginTest@75d3a5e0]" started-at="2024-04-08T17:13:17 IST" name="SetUp" finished-at="2024-04-08T17:13:25 IST" duration-ms="8398" status="PASS">
          <reporter-output>
            <line>
              <![CDATA[Trying to start Browser ]]>
            </line>
            <line>
              <![CDATA[Browser Application is Up and Running ]]>
            </line>
          </reporter-output>
        </test-method> <!-- SetUp -->
        <test-method signature="loginApp()[pri:0, instance:com.TestCases.LoginTest@75d3a5e0]" started-at="2024-04-08T17:13:25 IST" name="loginApp" finished-at="2024-04-08T17:13:27 IST" duration-ms="1790" status="PASS">
          <reporter-output>
          </reporter-output>
        </test-method> <!-- loginApp -->
        <test-method is-config="true" signature="CaptureFailureScreenshot(org.testng.ITestResult)[pri:0, instance:com.TestCases.LoginTest@75d3a5e0]" started-at="2024-04-08T17:13:27 IST" name="CaptureFailureScreenshot" finished-at="2024-04-08T17:13:27 IST" duration-ms="501" status="PASS">
          <params>
            <param index="0">
              <value>
                <![CDATA[[TestResult name=loginApp status=SUCCESS method=LoginTest.loginApp()[pri:0, instance:com.TestCases.LoginTest@75d3a5e0] output={null}]]]>
              </value>
            </param>
          </params>
          <reporter-output>
          </reporter-output>
        </test-method> <!-- CaptureFailureScreenshot -->
        <test-method signature="verifyPageTitle()[pri:0, instance:com.TestCases.LoginTest@75d3a5e0]" started-at="2024-04-08T17:13:27 IST" name="verifyPageTitle" finished-at="2024-04-08T17:13:27 IST" duration-ms="158" status="PASS">
          <reporter-output>
          </reporter-output>
        </test-method> <!-- verifyPageTitle -->
        <test-method is-config="true" signature="CaptureFailureScreenshot(org.testng.ITestResult)[pri:0, instance:com.TestCases.LoginTest@75d3a5e0]" started-at="2024-04-08T17:13:27 IST" name="CaptureFailureScreenshot" finished-at="2024-04-08T17:13:28 IST" duration-ms="61" status="PASS">
          <params>
            <param index="0">
              <value>
                <![CDATA[[TestResult name=verifyPageTitle status=SUCCESS method=LoginTest.verifyPageTitle()[pri:0, instance:com.TestCases.LoginTest@75d3a5e0] output={null}]]]>
              </value>
            </param>
          </params>
          <reporter-output>
          </reporter-output>
        </test-method> <!-- CaptureFailureScreenshot -->
        <test-method is-config="true" signature="TearDown()[pri:0, instance:com.TestCases.LoginTest@75d3a5e0]" started-at="2024-04-08T17:13:28 IST" name="TearDown" finished-at="2024-04-08T17:13:29 IST" duration-ms="1696" status="PASS">
          <reporter-output>
          </reporter-output>
        </test-method> <!-- TearDown -->
      </class> <!-- com.TestCases.LoginTest -->
    </test> <!-- Default test -->
  </suite> <!-- Default suite -->
</testng-results>
