<?xml version="1.0" encoding="UTF-8"?>
<!-- Generated by org.testng.reporters.JUnitXMLReporter -->
<testsuite ignored="0" hostname="Trantor-LP424" failures="1" tests="2" name="Test" time="9.892" errors="0" timestamp="2024-04-08T17:08:07 IST">
  <testcase classname="com.LearnPages.BaseClass" name="@AfterMethod CaptureFailureScreenshot" time="0.134">
    <failure type="java.lang.NullPointerException" message="Cannot invoke &amp;quot;com.aventstack.extentreports.ExtentTest.fail(String, com.aventstack.extentreports.model.Media)&amp;quot; because &amp;quot;this.logger&amp;quot; is null">
      <![CDATA[java.lang.NullPointerException: Cannot invoke "com.aventstack.extentreports.ExtentTest.fail(String, com.aventstack.extentreports.model.Media)" because "this.logger" is null
at com.LearnPages.BaseClass.CaptureFailureScreenshot(BaseClass.java:75)
at java.base/java.util.ArrayList.forEach(ArrayList.java:1511)
... Removed 32 stack frames]]>
    </failure>
  </testcase> <!-- @AfterMethod CaptureFailureScreenshot -->
  <testcase classname="com.LearnPages.BaseClass" name="@AfterMethod CaptureFailureScreenshot" time="0.0">
    <skipped/>
  </testcase> <!-- @AfterMethod CaptureFailureScreenshot -->
  <testcase classname="com.LearnPages.BaseClass" name="@AfterClass TearDown" time="0.0">
    <skipped/>
  </testcase> <!-- @AfterClass TearDown -->
  <testcase classname="com.TestCases.LoginTest" name="loginApp" time="1.063">
    <failure type="java.lang.NullPointerException" message="Cannot invoke &amp;quot;com.aventstack.extentreports.ExtentTest.info(String)&amp;quot; because &amp;quot;this.logger&amp;quot; is null">
      <![CDATA[java.lang.NullPointerException: Cannot invoke "com.aventstack.extentreports.ExtentTest.info(String)" because "this.logger" is null
at com.TestCases.LoginTest.loginApp(LoginTest.java:18)
at java.base/java.util.ArrayList.forEach(ArrayList.java:1511)
... Removed 27 stack frames]]>
    </failure>
  </testcase> <!-- loginApp -->
  <testcase classname="com.TestCases.LoginTest" name="verifyPageTitle" time="0.0">
    <skipped/>
  </testcase> <!-- verifyPageTitle -->
</testsuite> <!-- Test -->
